<!DOCTYPE html>
<html>
  <head>
    <meta charset="utf-8"/>
    <title>Test Report</title>
    <link href="assets/style.css" rel="stylesheet" type="text/css"/></head>
  <body onLoad="init()">
    <script>/* This Source Code Form is subject to the terms of the Mozilla Public
 * License, v. 2.0. If a copy of the MPL was not distributed with this file,
 * You can obtain one at http://mozilla.org/MPL/2.0/. */


function toArray(iter) {
    if (iter === null) {
        return null;
    }
    return Array.prototype.slice.call(iter);
}

function find(selector, elem) {
    if (!elem) {
        elem = document;
    }
    return elem.querySelector(selector);
}

function find_all(selector, elem) {
    if (!elem) {
        elem = document;
    }
    return toArray(elem.querySelectorAll(selector));
}

function sort_column(elem) {
    toggle_sort_states(elem);
    var colIndex = toArray(elem.parentNode.childNodes).indexOf(elem);
    var key;
    if (elem.classList.contains('numeric')) {
        key = key_num;
    } else if (elem.classList.contains('result')) {
        key = key_result;
    } else {
        key = key_alpha;
    }
    sort_table(elem, key(colIndex));
}

function show_all_extras() {
    find_all('.col-result').forEach(show_extras);
}

function hide_all_extras() {
    find_all('.col-result').forEach(hide_extras);
}

function show_extras(colresult_elem) {
    var extras = colresult_elem.parentNode.nextElementSibling;
    var expandcollapse = colresult_elem.firstElementChild;
    extras.classList.remove("collapsed");
    expandcollapse.classList.remove("expander");
    expandcollapse.classList.add("collapser");
}

function hide_extras(colresult_elem) {
    var extras = colresult_elem.parentNode.nextElementSibling;
    var expandcollapse = colresult_elem.firstElementChild;
    extras.classList.add("collapsed");
    expandcollapse.classList.remove("collapser");
    expandcollapse.classList.add("expander");
}

function show_filters() {
    var filter_items = document.getElementsByClassName('filter');
    for (var i = 0; i < filter_items.length; i++)
        filter_items[i].hidden = false;
}

function add_collapse() {
    // Add links for show/hide all
    var resulttable = find('table#results-table');
    var showhideall = document.createElement("p");
    showhideall.innerHTML = '<a href="javascript:show_all_extras()">Show all details</a> / ' +
                            '<a href="javascript:hide_all_extras()">Hide all details</a>';
    resulttable.parentElement.insertBefore(showhideall, resulttable);

    // Add show/hide link to each result
    find_all('.col-result').forEach(function(elem) {
        var collapsed = get_query_parameter('collapsed') || 'Passed';
        var extras = elem.parentNode.nextElementSibling;
        var expandcollapse = document.createElement("span");
        if (collapsed.includes(elem.innerHTML)) {
            extras.classList.add("collapsed");
            expandcollapse.classList.add("expander");
        } else {
            expandcollapse.classList.add("collapser");
        }
        elem.appendChild(expandcollapse);

        elem.addEventListener("click", function(event) {
            if (event.currentTarget.parentNode.nextElementSibling.classList.contains("collapsed")) {
                show_extras(event.currentTarget);
            } else {
                hide_extras(event.currentTarget);
            }
        });
    })
}

function get_query_parameter(name) {
    var match = RegExp('[?&]' + name + '=([^&]*)').exec(window.location.search);
    return match && decodeURIComponent(match[1].replace(/\+/g, ' '));
}

function init () {
    reset_sort_headers();

    add_collapse();

    show_filters();

    sort_column(find('.initial-sort'));

    find_all('.sortable').forEach(function(elem) {
        elem.addEventListener("click",
                              function(event) {
                                  sort_column(elem);
                              }, false)
    });

};

function sort_table(clicked, key_func) {
    var rows = find_all('.results-table-row');
    var reversed = !clicked.classList.contains('asc');
    var sorted_rows = sort(rows, key_func, reversed);
    /* Whole table is removed here because browsers acts much slower
     * when appending existing elements.
     */
    var thead = document.getElementById("results-table-head");
    document.getElementById('results-table').remove();
    var parent = document.createElement("table");
    parent.id = "results-table";
    parent.appendChild(thead);
    sorted_rows.forEach(function(elem) {
        parent.appendChild(elem);
    });
    document.getElementsByTagName("BODY")[0].appendChild(parent);
}

function sort(items, key_func, reversed) {
    var sort_array = items.map(function(item, i) {
        return [key_func(item), i];
    });

    sort_array.sort(function(a, b) {
        var key_a = a[0];
        var key_b = b[0];

        if (key_a == key_b) return 0;

        if (reversed) {
            return (key_a < key_b ? 1 : -1);
        } else {
            return (key_a > key_b ? 1 : -1);
        }
    });

    return sort_array.map(function(item) {
        var index = item[1];
        return items[index];
    });
}

function key_alpha(col_index) {
    return function(elem) {
        return elem.childNodes[1].childNodes[col_index].firstChild.data.toLowerCase();
    };
}

function key_num(col_index) {
    return function(elem) {
        return parseFloat(elem.childNodes[1].childNodes[col_index].firstChild.data);
    };
}

function key_result(col_index) {
    return function(elem) {
        var strings = ['Error', 'Failed', 'Rerun', 'XFailed', 'XPassed',
                       'Skipped', 'Passed'];
        return strings.indexOf(elem.childNodes[1].childNodes[col_index].firstChild.data);
    };
}

function reset_sort_headers() {
    find_all('.sort-icon').forEach(function(elem) {
        elem.parentNode.removeChild(elem);
    });
    find_all('.sortable').forEach(function(elem) {
        var icon = document.createElement("div");
        icon.className = "sort-icon";
        icon.textContent = "vvv";
        elem.insertBefore(icon, elem.firstChild);
        elem.classList.remove("desc", "active");
        elem.classList.add("asc", "inactive");
    });
}

function toggle_sort_states(elem) {
    //if active, toggle between asc and desc
    if (elem.classList.contains('active')) {
        elem.classList.toggle('asc');
        elem.classList.toggle('desc');
    }

    //if inactive, reset all other functions and add ascending active
    if (elem.classList.contains('inactive')) {
        reset_sort_headers();
        elem.classList.remove('inactive');
        elem.classList.add('active');
    }
}

function is_all_rows_hidden(value) {
  return value.hidden == false;
}

function filter_table(elem) {
    var outcome_att = "data-test-result";
    var outcome = elem.getAttribute(outcome_att);
    class_outcome = outcome + " results-table-row";
    var outcome_rows = document.getElementsByClassName(class_outcome);

    for(var i = 0; i < outcome_rows.length; i++){
        outcome_rows[i].hidden = !elem.checked;
    }

    var rows = find_all('.results-table-row').filter(is_all_rows_hidden);
    var all_rows_hidden = rows.length == 0 ? true : false;
    var not_found_message = document.getElementById("not-found-message");
    not_found_message.hidden = !all_rows_hidden;
}
</script>
    <h1>report.html</h1>
    <p>Report generated on 02-May-2023 at 20:34:34 by <a href="https://pypi.python.org/pypi/pytest-html">pytest-html</a> v2.0.1</p>
    <h2>Environment</h2>
    <table id="environment">
      <tr>
        <td>Packages</td>
        <td>{&apos;pytest&apos;: &apos;7.3.1&apos;, &apos;pluggy&apos;: &apos;1.0.0&apos;}</td></tr>
      <tr>
        <td>Platform</td>
        <td>Windows-10-10.0.22621-SP0</td></tr>
      <tr>
        <td>Plugins</td>
        <td>{&apos;forked&apos;: &apos;1.6.0&apos;, &apos;html&apos;: &apos;2.0.1&apos;, &apos;metadata&apos;: &apos;2.0.4&apos;, &apos;ordering&apos;: &apos;0.6&apos;, &apos;rerunfailures&apos;: &apos;11.1.2&apos;, &apos;xdist&apos;: &apos;3.2.1&apos;, &apos;seleniumbase&apos;: &apos;4.14.4&apos;}</td></tr>
      <tr>
        <td>Python</td>
        <td>3.9.7</td></tr></table>
    <h2>Summary</h2>
    <p>7 tests ran in 167.71 seconds. </p>
    <p class="filter" hidden="true">(Un)check the boxes to filter the results.</p><input checked="true" class="filter" data-test-result="passed" hidden="true" name="filter_checkbox" onChange="filter_table(this)" type="checkbox"/><span class="passed">6 passed</span>, <input checked="true" class="filter" data-test-result="skipped" disabled="true" hidden="true" name="filter_checkbox" onChange="filter_table(this)" type="checkbox"/><span class="skipped">0 skipped</span>, <input checked="true" class="filter" data-test-result="failed" hidden="true" name="filter_checkbox" onChange="filter_table(this)" type="checkbox"/><span class="failed">1 failed</span>, <input checked="true" class="filter" data-test-result="error" disabled="true" hidden="true" name="filter_checkbox" onChange="filter_table(this)" type="checkbox"/><span class="error">0 errors</span>, <input checked="true" class="filter" data-test-result="xfailed" disabled="true" hidden="true" name="filter_checkbox" onChange="filter_table(this)" type="checkbox"/><span class="xfailed">0 expected failures</span>, <input checked="true" class="filter" data-test-result="xpassed" disabled="true" hidden="true" name="filter_checkbox" onChange="filter_table(this)" type="checkbox"/><span class="xpassed">0 unexpected passes</span>, <input checked="true" class="filter" data-test-result="rerun" disabled="true" hidden="true" name="filter_checkbox" onChange="filter_table(this)" type="checkbox"/><span class="rerun">0 rerun</span>
    <h2>Results</h2>
    <table id="results-table">
      <thead id="results-table-head">
        <tr>
          <th class="sortable result initial-sort" col="result">Result</th>
          <th class="sortable" col="name">Test</th>
          <th class="sortable numeric" col="duration">Duration</th>
          <th>Links</th></tr>
        <tr hidden="true" id="not-found-message">
          <th colspan="4">No results found. Try to check the filters</th></tr></thead>
      <tbody class="failed results-table-row">
        <tr>
          <td class="col-result">Failed</td>
          <td class="col-name">tests/test_cart.py::CartTest::test_add_to_cart</td>
          <td class="col-duration">19.69</td>
          <td class="col-links"><a class="url" href="https://practice.automationbro.com/cart/" target="_blank">URL</a> <a class="image" href="assets/tests_test_cart.py__CartTest__test_add_to_cart_1_0.png" target="_blank">Screenshot</a> </td></tr>
        <tr>
          <td class="extra" colspan="4">
            <div class="image"><a href="assets/tests_test_cart.py__CartTest__test_add_to_cart_1_0.png"><img src="assets/tests_test_cart.py__CartTest__test_add_to_cart_1_0.png"/></a></div>
            <div class="log">self = &lt;tests.test_cart.CartTest testMethod=test_add_to_cart&gt;, selector = &quot;button[name=&#x27;update_cart&#x27;]&quot;, by = &#x27;css selector&#x27;, timeout = 7, delay = 0, scroll = True<br/><br/>    def click(<br/>        self, selector, by=&quot;css selector&quot;, timeout=None, delay=0, scroll=True<br/>    ):<br/>        self.__check_scope()<br/>        if not timeout:<br/>            timeout = settings.SMALL_TIMEOUT<br/>        if self.timeout_multiplier and timeout == settings.SMALL_TIMEOUT:<br/>            timeout = self.__get_new_timeout(timeout)<br/>        original_selector = selector<br/>        original_by = by<br/>        selector, by = self.__recalculate_selector(selector, by)<br/>        if delay and (type(delay) in [int, float]) and delay &gt; 0:<br/>            time.sleep(delay)<br/>        if page_utils.is_link_text_selector(selector) or by == By.LINK_TEXT:<br/>            if not self.is_link_text_visible(selector):<br/>                # Handle a special case of links hidden in dropdowns<br/>                self.click_link_text(selector, timeout=timeout)<br/>                return<br/>        if (<br/>            page_utils.is_partial_link_text_selector(selector)<br/>            or by == By.PARTIAL_LINK_TEXT<br/>        ):<br/>            if not self.is_partial_link_text_visible(selector):<br/>                # Handle a special case of partial links hidden in dropdowns<br/>                self.click_partial_link_text(selector, timeout=timeout)<br/>                return<br/>        if self.__is_shadow_selector(selector):<br/>            self.__shadow_click(selector, timeout)<br/>            return<br/>        if self.__needs_minimum_wait() or self.browser == &quot;safari&quot;:<br/>            time.sleep(0.022)<br/>        element = page_actions.wait_for_element_visible(<br/>            self.driver,<br/>            selector,<br/>            by,<br/>            timeout=timeout,<br/>            original_selector=original_selector,<br/>        )<br/>        self.__demo_mode_highlight_if_active(original_selector, original_by)<br/>        if scroll and not self.demo_mode and not self.slow_mode:<br/>            self.__scroll_to_element(element, selector, by)<br/>        pre_action_url = self.driver.current_url<br/>        pre_window_count = len(self.driver.window_handles)<br/>        try:<br/>            if (<br/>                by == By.LINK_TEXT<br/>                and (self.browser == &quot;ie&quot; or self.browser == &quot;safari&quot;)<br/>            ):<br/>                self.__jquery_click(selector, by=by)<br/>            else:<br/>                href = None<br/>                new_tab = False<br/>                onclick = None<br/>                try:<br/>                    if self.headless and element.tag_name.lower() == &quot;a&quot;:<br/>                        # Handle a special case of opening a new tab (headless)<br/>                        href = element.get_attribute(&quot;href&quot;).strip()<br/>                        onclick = element.get_attribute(&quot;onclick&quot;)<br/>                        target = element.get_attribute(&quot;target&quot;)<br/>                        if target == &quot;_blank&quot;:<br/>                            new_tab = True<br/>                        if new_tab and self.__looks_like_a_page_url(href):<br/>                            if onclick:<br/>                                try:<br/>                                    self.execute_script(onclick)<br/>                                except Exception:<br/>                                    pass<br/>                            current_window = self.driver.current_window_handle<br/>                            self.open_new_window()<br/>                            try:<br/>                                self.open(href)<br/>                            except Exception:<br/>                                pass<br/>                            self.switch_to_window(current_window)<br/>                            return<br/>                except Exception:<br/>                    pass<br/>                # Normal click<br/>&gt;               self.__element_click(element)<br/><br/>..\..\AppData\Local\Programs\Python\Python39\lib\site-packages\seleniumbase\fixtures\base_case.py:434: <br/>_ _ _ _ _ _ _ _ _ _ _ _ _ _ _ _ _ _ _ _ _ _ _ _ _ _ _ _ _ _ _ _ _ _ _ _ _ _ _ _ <br/><br/>self = &lt;tests.test_cart.CartTest testMethod=test_add_to_cart&gt;<br/>element = &lt;selenium.webdriver.remote.webelement.WebElement (session=&quot;6020d37c13ce1b68b8cd63a62e0cc9a6&quot;, element=&quot;7aadbff7-33f7-4ff6-a9aa-ea9f493f4a94&quot;)&gt;<br/><br/>    def __element_click(self, element):<br/>        self.__check_scope()<br/>        if (<br/>            not self.undetectable<br/>            or self.uc_cdp_events<br/>            or self.__uc_frame_layer &gt; 0<br/>            or not hasattr(element, &quot;uc_click&quot;)<br/>            or element.tag_name.lower() != &quot;a&quot;<br/>        ):<br/>&gt;           element.click()<br/><br/>..\..\AppData\Local\Programs\Python\Python39\lib\site-packages\seleniumbase\fixtures\base_case.py:2755: <br/>_ _ _ _ _ _ _ _ _ _ _ _ _ _ _ _ _ _ _ _ _ _ _ _ _ _ _ _ _ _ _ _ _ _ _ _ _ _ _ _ <br/><br/>self = &lt;selenium.webdriver.remote.webelement.WebElement (session=&quot;6020d37c13ce1b68b8cd63a62e0cc9a6&quot;, element=&quot;7aadbff7-33f7-4ff6-a9aa-ea9f493f4a94&quot;)&gt;<br/><br/>    def click(self) -&gt; None:<br/>        &quot;&quot;&quot;Clicks the element.&quot;&quot;&quot;<br/>&gt;       self._execute(Command.CLICK_ELEMENT)<br/><br/>..\..\AppData\Local\Programs\Python\Python39\lib\site-packages\selenium\webdriver\remote\webelement.py:94: <br/>_ _ _ _ _ _ _ _ _ _ _ _ _ _ _ _ _ _ _ _ _ _ _ _ _ _ _ _ _ _ _ _ _ _ _ _ _ _ _ _ <br/><br/>self = &lt;selenium.webdriver.remote.webelement.WebElement (session=&quot;6020d37c13ce1b68b8cd63a62e0cc9a6&quot;, element=&quot;7aadbff7-33f7-4ff6-a9aa-ea9f493f4a94&quot;)&gt;<br/>command = &#x27;clickElement&#x27;, params = {&#x27;id&#x27;: &#x27;7aadbff7-33f7-4ff6-a9aa-ea9f493f4a94&#x27;}<br/><br/>    def _execute(self, command, params=None):<br/>        &quot;&quot;&quot;Executes a command against the underlying HTML element.<br/>    <br/>        Args:<br/>          command: The name of the command to _execute as a string.<br/>          params: A dictionary of named parameters to send with the command.<br/>    <br/>        Returns:<br/>          The command&#x27;s JSON response loaded into a dictionary object.<br/>        &quot;&quot;&quot;<br/>        if not params:<br/>            params = {}<br/>        params[&quot;id&quot;] = self._id<br/>&gt;       return self._parent.execute(command, params)<br/><br/>..\..\AppData\Local\Programs\Python\Python39\lib\site-packages\selenium\webdriver\remote\webelement.py:403: <br/>_ _ _ _ _ _ _ _ _ _ _ _ _ _ _ _ _ _ _ _ _ _ _ _ _ _ _ _ _ _ _ _ _ _ _ _ _ _ _ _ <br/><br/>self = &lt;selenium.webdriver.chrome.webdriver.WebDriver (session=&quot;6020d37c13ce1b68b8cd63a62e0cc9a6&quot;)&gt;, driver_command = &#x27;clickElement&#x27;<br/>params = {&#x27;id&#x27;: &#x27;7aadbff7-33f7-4ff6-a9aa-ea9f493f4a94&#x27;}<br/><br/>    def execute(self, driver_command: str, params: dict = None) -&gt; dict:<br/>        &quot;&quot;&quot;Sends a command to be executed by a command.CommandExecutor.<br/>    <br/>        :Args:<br/>         - driver_command: The name of the command to execute as a string.<br/>         - params: A dictionary of named parameters to send with the command.<br/>    <br/>        :Returns:<br/>          The command&#x27;s JSON response loaded into a dictionary object.<br/>        &quot;&quot;&quot;<br/>        params = self._wrap_value(params)<br/>    <br/>        if self.session_id:<br/>            if not params:<br/>                params = {&quot;sessionId&quot;: self.session_id}<br/>            elif &quot;sessionId&quot; not in params:<br/>                params[&quot;sessionId&quot;] = self.session_id<br/>    <br/>        response = self.command_executor.execute(driver_command, params)<br/>        if response:<br/>&gt;           self.error_handler.check_response(response)<br/><br/>..\..\AppData\Local\Programs\Python\Python39\lib\site-packages\selenium\webdriver\remote\webdriver.py:440: <br/>_ _ _ _ _ _ _ _ _ _ _ _ _ _ _ _ _ _ _ _ _ _ _ _ _ _ _ _ _ _ _ _ _ _ _ _ _ _ _ _ <br/><br/>self = &lt;selenium.webdriver.remote.errorhandler.ErrorHandler object at 0x0000017805F83B50&gt;<br/>response = {&#x27;status&#x27;: 404, &#x27;value&#x27;: &#x27;{&quot;value&quot;:{&quot;error&quot;:&quot;stale element reference&quot;,&quot;message&quot;:&quot;stale element reference: element is n...\tRtlInitializeExceptionChain [0x778DB74B+107]\\n\\tRtlClearBits [0x778DB6CF+191]\\n\\t(No symbol) [0x00000000]\\n&quot;}}&#x27;}<br/><br/>    def check_response(self, response: Dict[str, Any]) -&gt; None:<br/>        &quot;&quot;&quot;Checks that a JSON response from the WebDriver does not have an<br/>        error.<br/>    <br/>        :Args:<br/>         - response - The JSON response from the WebDriver server as a dictionary<br/>           object.<br/>    <br/>        :Raises: If the response contains an error message.<br/>        &quot;&quot;&quot;<br/>        status = response.get(&quot;status&quot;, None)<br/>        if not status or status == ErrorCode.SUCCESS:<br/>            return<br/>        value = None<br/>        message = response.get(&quot;message&quot;, &quot;&quot;)<br/>        screen: str = response.get(&quot;screen&quot;, &quot;&quot;)<br/>        stacktrace = None<br/>        if isinstance(status, int):<br/>            value_json = response.get(&quot;value&quot;, None)<br/>            if value_json and isinstance(value_json, str):<br/>                import json<br/>    <br/>                try:<br/>                    value = json.loads(value_json)<br/>                    if len(value) == 1:<br/>                        value = value[&quot;value&quot;]<br/>                    status = value.get(&quot;error&quot;, None)<br/>                    if not status:<br/>                        status = value.get(&quot;status&quot;, ErrorCode.UNKNOWN_ERROR)<br/>                        message = value.get(&quot;value&quot;) or value.get(&quot;message&quot;)<br/>                        if not isinstance(message, str):<br/>                            value = message<br/>                            message = message.get(&quot;message&quot;)<br/>                    else:<br/>                        message = value.get(&quot;message&quot;, None)<br/>                except ValueError:<br/>                    pass<br/>    <br/>        exception_class: Type[WebDriverException]<br/>        if status in ErrorCode.NO_SUCH_ELEMENT:<br/>            exception_class = NoSuchElementException<br/>        elif status in ErrorCode.NO_SUCH_FRAME:<br/>            exception_class = NoSuchFrameException<br/>        elif status in ErrorCode.NO_SUCH_SHADOW_ROOT:<br/>            exception_class = NoSuchShadowRootException<br/>        elif status in ErrorCode.NO_SUCH_WINDOW:<br/>            exception_class = NoSuchWindowException<br/>        elif status in ErrorCode.STALE_ELEMENT_REFERENCE:<br/>            exception_class = StaleElementReferenceException<br/>        elif status in ErrorCode.ELEMENT_NOT_VISIBLE:<br/>            exception_class = ElementNotVisibleException<br/>        elif status in ErrorCode.INVALID_ELEMENT_STATE:<br/>            exception_class = InvalidElementStateException<br/>        elif (<br/>            status in ErrorCode.INVALID_SELECTOR<br/>            or status in ErrorCode.INVALID_XPATH_SELECTOR<br/>            or status in ErrorCode.INVALID_XPATH_SELECTOR_RETURN_TYPER<br/>        ):<br/>            exception_class = InvalidSelectorException<br/>        elif status in ErrorCode.ELEMENT_IS_NOT_SELECTABLE:<br/>            exception_class = ElementNotSelectableException<br/>        elif status in ErrorCode.ELEMENT_NOT_INTERACTABLE:<br/>            exception_class = ElementNotInteractableException<br/>        elif status in ErrorCode.INVALID_COOKIE_DOMAIN:<br/>            exception_class = InvalidCookieDomainException<br/>        elif status in ErrorCode.UNABLE_TO_SET_COOKIE:<br/>            exception_class = UnableToSetCookieException<br/>        elif status in ErrorCode.TIMEOUT:<br/>            exception_class = TimeoutException<br/>        elif status in ErrorCode.SCRIPT_TIMEOUT:<br/>            exception_class = TimeoutException<br/>        elif status in ErrorCode.UNKNOWN_ERROR:<br/>            exception_class = WebDriverException<br/>        elif status in ErrorCode.UNEXPECTED_ALERT_OPEN:<br/>            exception_class = UnexpectedAlertPresentException<br/>        elif status in ErrorCode.NO_ALERT_OPEN:<br/>            exception_class = NoAlertPresentException<br/>        elif status in ErrorCode.IME_NOT_AVAILABLE:<br/>            exception_class = ImeNotAvailableException<br/>        elif status in ErrorCode.IME_ENGINE_ACTIVATION_FAILED:<br/>            exception_class = ImeActivationFailedException<br/>        elif status in ErrorCode.MOVE_TARGET_OUT_OF_BOUNDS:<br/>            exception_class = MoveTargetOutOfBoundsException<br/>        elif status in ErrorCode.JAVASCRIPT_ERROR:<br/>            exception_class = JavascriptException<br/>        elif status in ErrorCode.SESSION_NOT_CREATED:<br/>            exception_class = SessionNotCreatedException<br/>        elif status in ErrorCode.INVALID_ARGUMENT:<br/>            exception_class = InvalidArgumentException<br/>        elif status in ErrorCode.NO_SUCH_COOKIE:<br/>            exception_class = NoSuchCookieException<br/>        elif status in ErrorCode.UNABLE_TO_CAPTURE_SCREEN:<br/>            exception_class = ScreenshotException<br/>        elif status in ErrorCode.ELEMENT_CLICK_INTERCEPTED:<br/>            exception_class = ElementClickInterceptedException<br/>        elif status in ErrorCode.INSECURE_CERTIFICATE:<br/>            exception_class = InsecureCertificateException<br/>        elif status in ErrorCode.INVALID_COORDINATES:<br/>            exception_class = InvalidCoordinatesException<br/>        elif status in ErrorCode.INVALID_SESSION_ID:<br/>            exception_class = InvalidSessionIdException<br/>        elif status in ErrorCode.UNKNOWN_METHOD:<br/>            exception_class = UnknownMethodException<br/>        else:<br/>            exception_class = WebDriverException<br/>        if not value:<br/>            value = response[&quot;value&quot;]<br/>        if isinstance(value, str):<br/>            raise exception_class(value)<br/>        if message == &quot;&quot; and &quot;message&quot; in value:<br/>            message = value[&quot;message&quot;]<br/>    <br/>        screen = None  # type: ignore[assignment]<br/>        if &quot;screen&quot; in value:<br/>            screen = value[&quot;screen&quot;]<br/>    <br/>        stacktrace = None<br/>        st_value = value.get(&quot;stackTrace&quot;) or value.get(&quot;stacktrace&quot;)<br/>        if st_value:<br/>            if isinstance(st_value, str):<br/>                stacktrace = st_value.split(&quot;\n&quot;)<br/>            else:<br/>                stacktrace = []<br/>                try:<br/>                    for frame in st_value:<br/>                        line = frame.get(&quot;lineNumber&quot;, &quot;&quot;)<br/>                        file = frame.get(&quot;fileName&quot;, &quot;&lt;anonymous&gt;&quot;)<br/>                        if line:<br/>                            file = f&quot;{file}:{line}&quot;<br/>                        meth = frame.get(&quot;methodName&quot;, &quot;&lt;anonymous&gt;&quot;)<br/>                        if &quot;className&quot; in frame:<br/>                            meth = f&quot;{frame[&#x27;className&#x27;]}.{meth}&quot;<br/>                        msg = &quot;    at %s (%s)&quot;<br/>                        msg = msg % (meth, file)<br/>                        stacktrace.append(msg)<br/>                except TypeError:<br/>                    pass<br/>        if exception_class == UnexpectedAlertPresentException:<br/>            alert_text = None<br/>            if &quot;data&quot; in value:<br/>                alert_text = value[&quot;data&quot;].get(&quot;text&quot;)<br/>            elif &quot;alert&quot; in value:<br/>                alert_text = value[&quot;alert&quot;].get(&quot;text&quot;)<br/>            raise exception_class(message, screen, stacktrace, alert_text)  # type: ignore[call-arg]  # mypy is not smart enough here<br/>&gt;       raise exception_class(message, screen, stacktrace)<br/><span class="error">E       selenium.common.exceptions.StaleElementReferenceException: Message: stale element reference: element is not attached to the page document</span><br/><span class="error">E         (Session info: chrome=112.0.5615.138)</span><br/><span class="error">E       Stacktrace:</span><br/><span class="error">E       Backtrace:</span><br/><span class="error">E       	GetHandleVerifier [0x0026DCE3+50899]</span><br/><span class="error">E       	(No symbol) [0x001FE111]</span><br/><span class="error">E       	(No symbol) [0x00105588]</span><br/><span class="error">E       	(No symbol) [0x00107EDB]</span><br/><span class="error">E       	(No symbol) [0x00107DB0]</span><br/><span class="error">E       	(No symbol) [0x00108030]</span><br/><span class="error">E       	(No symbol) [0x00135971]</span><br/><span class="error">E       	(No symbol) [0x00134336]</span><br/><span class="error">E       	(No symbol) [0x0013267B]</span><br/><span class="error">E       	(No symbol) [0x00131797]</span><br/><span class="error">E       	(No symbol) [0x001294A5]</span><br/><span class="error">E       	(No symbol) [0x0014B8FC]</span><br/><span class="error">E       	(No symbol) [0x00128EC6]</span><br/><span class="error">E       	(No symbol) [0x0014BC54]</span><br/><span class="error">E       	(No symbol) [0x0015E01C]</span><br/><span class="error">E       	(No symbol) [0x0014B6F6]</span><br/><span class="error">E       	(No symbol) [0x00127708]</span><br/><span class="error">E       	(No symbol) [0x0012886D]</span><br/><span class="error">E       	GetHandleVerifier [0x004D3EAE+2566302]</span><br/><span class="error">E       	GetHandleVerifier [0x005092B1+2784417]</span><br/><span class="error">E       	GetHandleVerifier [0x0050327C+2759788]</span><br/><span class="error">E       	GetHandleVerifier [0x00305740+672048]</span><br/><span class="error">E       	(No symbol) [0x00208872]</span><br/><span class="error">E       	(No symbol) [0x002041C8]</span><br/><span class="error">E       	(No symbol) [0x002042AB]</span><br/><span class="error">E       	(No symbol) [0x001F71B7]</span><br/><span class="error">E       	BaseThreadInitThunk [0x766B7D49+25]</span><br/><span class="error">E       	RtlInitializeExceptionChain [0x778DB74B+107]</span><br/><span class="error">E       	RtlClearBits [0x778DB6CF+191]</span><br/><span class="error">E       	(No symbol) [0x00000000]</span><br/><br/>..\..\AppData\Local\Programs\Python\Python39\lib\site-packages\selenium\webdriver\remote\errorhandler.py:245: StaleElementReferenceException<br/><br/>During handling of the above exception, another exception occurred:<br/><br/>self = &lt;tests.test_cart.CartTest testMethod=test_add_to_cart&gt;<br/><br/>    def test_add_to_cart(self):<br/>        # add item to cart<br/>        self.click(self.converse_add_to_cart_btn)<br/>    <br/>        # assert product is added to cart<br/>        self.assert_text(&quot;1&quot;, self.cart_count_text)<br/>    <br/>        # open cart page<br/>        self.open_page()<br/>    <br/>        # get current subtotal<br/>        text = self.get_text(self.subtotal_text)<br/>    <br/>        # change cart quantity<br/>        self.set_value(self.product_quantity_input, &#x27;2&#x27;)<br/>        self.send_keys(self.product_quantity_input, Keys.RETURN)<br/>&gt;       self.click(self.update_cart_btn)<br/><br/>tests\test_cart.py:27: <br/>_ _ _ _ _ _ _ _ _ _ _ _ _ _ _ _ _ _ _ _ _ _ _ _ _ _ _ _ _ _ _ _ _ _ _ _ _ _ _ _ <br/>..\..\AppData\Local\Programs\Python\Python39\lib\site-packages\seleniumbase\fixtures\base_case.py:438: in click<br/>    element = page_actions.wait_for_element_clickable(<br/>..\..\AppData\Local\Programs\Python\Python39\lib\site-packages\seleniumbase\fixtures\page_actions.py:874: in wait_for_element_clickable<br/>    timeout_exception(ElementNotInteractableException, message)<br/>_ _ _ _ _ _ _ _ _ _ _ _ _ _ _ _ _ _ _ _ _ _ _ _ _ _ _ _ _ _ _ _ _ _ _ _ _ _ _ _ <br/><br/>exception = &lt;class &#x27;selenium.common.exceptions.ElementNotInteractableException&#x27;&gt;<br/>message = &quot;Element {button[name=&#x27;update_cart&#x27;]} was not clickable after 7 seconds!&quot;<br/><br/>    def timeout_exception(exception, message):<br/>        exc, msg = shared_utils.format_exc(exception, message)<br/>&gt;       raise exc(msg)<br/><span class="error">E       Exception: Element {button[name=&#x27;update_cart&#x27;]} was not clickable after 7 seconds!</span><br/><br/>..\..\AppData\Local\Programs\Python\Python39\lib\site-packages\seleniumbase\fixtures\page_actions.py:228: Exception<br/></div></td></tr></tbody>
      <tbody class="passed results-table-row">
        <tr>
          <td class="col-result">Passed</td>
          <td class="col-name">tests/test_contact.py::ContactTest::test_contact_page</td>
          <td class="col-duration">22.17</td>
          <td class="col-links"></td></tr>
        <tr>
          <td class="extra" colspan="4">
            <div class="log"> ------------------------------Captured stdout call------------------------------ <br/>Running before each test
Running after each test
Running after each test
<br/></div></td></tr></tbody>
      <tbody class="passed results-table-row">
        <tr>
          <td class="col-result">Passed</td>
          <td class="col-name">tests/test_home.py::HomeTest::test_home_page</td>
          <td class="col-duration">25.75</td>
          <td class="col-links"></td></tr>
        <tr>
          <td class="extra" colspan="4">
            <div class="log"> ------------------------------Captured stdout call------------------------------ <br/>Running before each test
Copyright Â© 2020 Automation Bro
Running after each test
<br/></div></td></tr></tbody>
      <tbody class="passed results-table-row">
        <tr>
          <td class="col-result">Passed</td>
          <td class="col-name">tests/test_home.py::HomeTest::test_menu_links</td>
          <td class="col-duration">18.85</td>
          <td class="col-links"></td></tr>
        <tr>
          <td class="extra" colspan="4">
            <div class="log"> ------------------------------Captured stdout call------------------------------ <br/>Running before each test
0 Home
1 About
2 Shop
3 Blog
4 Contact
5 My account
Running after each test
<br/></div></td></tr></tbody>
      <tbody class="passed results-table-row">
        <tr>
          <td class="col-result">Passed</td>
          <td class="col-name">tests/test_shop.py::ShopTest::test_search_products</td>
          <td class="col-duration">19.92</td>
          <td class="col-links"></td></tr>
        <tr>
          <td class="extra" colspan="4">
            <div class="log"> ------------------------------Captured stdout call------------------------------ <br/>within my try block
<br/></div></td></tr></tbody>
      <tbody class="passed results-table-row">
        <tr>
          <td class="col-result">Passed</td>
          <td class="col-name">tests/test_upload.py::UploadTest::test_hidden_upload</td>
          <td class="col-duration">43.53</td>
          <td class="col-links"></td></tr>
        <tr>
          <td class="extra" colspan="4">
            <div class="empty log">No log output captured.</div></td></tr></tbody>
      <tbody class="passed results-table-row">
        <tr>
          <td class="col-result">Passed</td>
          <td class="col-name">tests/test_upload.py::UploadTest::test_visible_upload</td>
          <td class="col-duration">6.39</td>
          <td class="col-links"></td></tr>
        <tr>
          <td class="extra" colspan="4">
            <div class="empty log">No log output captured.</div></td></tr></tbody></table></body></html>